2023-02-01 13:56:58,590 INFO  [Log] openapplication 
2023-02-01 13:57:03,967 INFO  [Log] Login Completed 
2023-02-01 13:57:06,044 INFO  [Log] Logout Completed 
2023-02-01 13:57:08,366 INFO  [Log] Close Application 
2023-02-01 14:00:55,983 INFO  [Log] Open Application 
2023-02-01 14:01:01,252 INFO  [Log] Login Completed 
2023-02-01 14:01:03,333 INFO  [Log] Logout Completed 
2023-02-01 14:01:05,580 INFO  [Log] Close Application 
2023-02-01 14:02:11,474 INFO  [Log] Open Application 
2023-02-01 14:02:16,618 INFO  [Log] Login Completed 
2023-02-01 14:02:18,692 INFO  [Log] Logout Completed 
2023-02-01 14:02:20,905 INFO  [Log] Close Application 
2023-02-01 14:02:26,573 INFO  [Log] Open Application 
2023-02-01 14:02:31,668 INFO  [Log] Login Completed 
2023-02-01 14:02:42,960 INFO  [Log] Logout Completed 
2023-02-01 14:02:45,115 INFO  [Log] Close Application 
2023-02-01 14:02:50,551 INFO  [Log] Open Application 
2023-02-01 14:02:54,070 INFO  [Log] Login Completed 
2023-02-01 14:03:00,413 INFO  [Log] Logout Completed 
2023-02-01 14:03:02,617 INFO  [Log] Close Application 
2023-02-02 11:04:22,951 INFO  [Log] Open Application 
2023-02-02 11:04:28,140 INFO  [Log] Login Completed 
2023-02-02 11:04:30,208 INFO  [Log] Logout Completed 
2023-02-02 11:04:32,467 INFO  [Log] Close Application 
2023-02-02 11:07:24,476 INFO  [Log] Open Application 
2023-02-02 11:07:29,694 INFO  [Log] Login Completed 
2023-02-02 11:07:31,772 INFO  [Log] Logout Completed 
2023-02-02 11:07:34,126 INFO  [Log] Close Application 
2023-02-02 12:15:17,745 INFO  [Log] Open Application 
2023-02-02 12:15:22,951 INFO  [Log] Login Completed 
2023-02-02 12:15:25,024 INFO  [Log] Logout Completed 
2023-02-02 12:15:27,211 INFO  [Log] Close Application 
2023-02-02 12:15:32,675 INFO  [Log] Open Application 
2023-02-02 12:15:37,821 INFO  [Log] Login Completed 
2023-02-02 12:15:49,057 INFO  [Log] Logout Completed 
2023-02-02 12:15:51,214 INFO  [Log] Close Application 
2023-02-02 12:15:56,874 INFO  [Log] Open Application 
2023-02-02 12:16:00,088 INFO  [Log] Login Completed 
2023-02-02 12:16:06,479 INFO  [Log] Logout Completed 
2023-02-02 12:16:08,623 INFO  [Log] Close Application 
2023-02-02 17:01:47,651 INFO  [Log] Open Application 
2023-02-02 17:01:53,175 INFO  [Log] Login Completed 
2023-02-02 17:01:55,327 INFO  [Log] Logout Completed 
2023-02-02 17:01:58,067 INFO  [Log] Close Application 
2023-02-02 17:02:05,408 INFO  [Log] Open Application 
2023-02-02 17:02:10,779 INFO  [Log] Login Completed 
2023-02-02 17:02:23,124 INFO  [Log] Logout Completed 
2023-02-02 17:02:25,400 INFO  [Log] Close Application 
2023-02-02 17:02:31,044 INFO  [Log] Open Application 
2023-02-02 17:02:34,098 INFO  [Log] Login Completed 
2023-02-02 17:02:40,854 INFO  [Log] Logout Completed 
2023-02-02 17:02:43,115 INFO  [Log] Close Application 
2023-02-02 17:04:55,847 INFO  [Log] Open Application 
2023-02-02 17:05:01,357 INFO  [Log] Login Completed 
2023-02-02 17:05:03,446 INFO  [Log] Logout Completed 
2023-02-02 17:05:05,635 INFO  [Log] Close Application 
2023-02-02 17:05:41,366 INFO  [Log] Open Application 
2023-02-02 17:05:46,708 INFO  [Log] Login Completed 
2023-02-02 17:05:48,804 INFO  [Log] Logout Completed 
2023-02-02 17:27:07,360 INFO  [Log] Open Application 
2023-02-02 17:27:12,603 INFO  [Log] Login Completed 
2023-02-02 17:27:14,680 INFO  [Log] Logout Completed 
2023-02-02 17:27:16,910 INFO  [Log] Close Application 
